<?xml version="1.0" encoding="UTF-8"?>
<testng-results skipped="0" failed="0" total="2" passed="2">
  <reporter-output>
  </reporter-output>
  <suite name="Default suite" duration-ms="12502" started-at="2019-08-13T12:22:53Z" finished-at="2019-08-13T12:23:06Z">
    <groups>
    </groups>
    <test name="Default test" duration-ms="12502" started-at="2019-08-13T12:22:53Z" finished-at="2019-08-13T12:23:06Z">
      <class name="com.test.Reports">
        <test-method status="PASS" signature="beforeTest()[pri:0, instance:com.test.Reports@48140564]" name="beforeTest" is-config="true" duration-ms="6608" started-at="2019-08-13T17:52:53Z" finished-at="2019-08-13T17:53:00Z">
          <reporter-output>
          </reporter-output>
        </test-method> <!-- beforeTest -->
        <test-method status="PASS" signature="testFail()[pri:0, instance:com.test.Reports@48140564]" name="testFail" duration-ms="4791" started-at="2019-08-13T17:53:00Z" finished-at="2019-08-13T17:53:05Z">
          <reporter-output>
          </reporter-output>
        </test-method> <!-- testFail -->
        <test-method status="PASS" signature="afterMethod(org.testng.ITestResult)[pri:0, instance:com.test.Reports@48140564]" name="afterMethod" is-config="true" duration-ms="32" started-at="2019-08-13T17:53:05Z" finished-at="2019-08-13T17:53:05Z">
          <params>
            <param index="0">
              <value>
                <![CDATA[[TestResult name=testFail status=SUCCESS method=Reports.testFail()[pri:0, instance:com.test.Reports@48140564] output={null}]]]>
              </value>
            </param>
          </params>
          <reporter-output>
          </reporter-output>
        </test-method> <!-- afterMethod -->
        <test-method status="PASS" signature="testPass()[pri:0, instance:com.test.Reports@48140564]" name="testPass" duration-ms="1" started-at="2019-08-13T17:53:05Z" finished-at="2019-08-13T17:53:05Z">
          <reporter-output>
          </reporter-output>
        </test-method> <!-- testPass -->
        <test-method status="PASS" signature="afterMethod(org.testng.ITestResult)[pri:0, instance:com.test.Reports@48140564]" name="afterMethod" is-config="true" duration-ms="1" started-at="2019-08-13T17:53:05Z" finished-at="2019-08-13T17:53:05Z">
          <params>
            <param index="0">
              <value>
                <![CDATA[[TestResult name=testPass status=SUCCESS method=Reports.testPass()[pri:0, instance:com.test.Reports@48140564] output={null}]]]>
              </value>
            </param>
          </params>
          <reporter-output>
          </reporter-output>
        </test-method> <!-- afterMethod -->
        <test-method status="PASS" signature="afterTest()[pri:0, instance:com.test.Reports@48140564]" name="afterTest" is-config="true" duration-ms="1038" started-at="2019-08-13T17:53:05Z" finished-at="2019-08-13T17:53:06Z">
          <reporter-output>
          </reporter-output>
        </test-method> <!-- afterTest -->
      </class> <!-- com.test.Reports -->
    </test> <!-- Default test -->
  </suite> <!-- Default suite -->
</testng-results>
