<?xml version="1.0" encoding="UTF-8"?>
<testng-results skipped="0" failed="0" ignored="0" total="1" passed="1">
  <reporter-output>
  </reporter-output>
  <suite name="Suite" duration-ms="10531" started-at="2019-04-02T10:53:43Z" finished-at="2019-04-02T10:53:54Z">
    <groups>
    </groups>
    <test name="Test" duration-ms="10531" started-at="2019-04-02T10:53:43Z" finished-at="2019-04-02T10:53:54Z">
      <class name="Selenium.MyLearning.FirstDemo">
        <test-method status="PASS" signature="test()[pri:0, instance:Selenium.MyLearning.FirstDemo@6043cd28]" name="test" duration-ms="10490" started-at="2019-04-02T10:53:43Z" finished-at="2019-04-02T10:53:54Z">
          <reporter-output>
          </reporter-output>
        </test-method> <!-- test -->
      </class> <!-- Selenium.MyLearning.FirstDemo -->
    </test> <!-- Test -->
  </suite> <!-- Suite -->
</testng-results>
